[2m2022-05-27 00:10:43.394[0;39m [32m INFO[0;39m [35m11352[0;39m [2m---[0;39m [2m[nio-9999-exec-1][0;39m [36mo.s.web.servlet.DispatcherServlet       [0;39m [2m:[0;39m Initializing Servlet 'dispatcherServlet'
[2m2022-05-27 00:10:43.408[0;39m [32m INFO[0;39m [35m11352[0;39m [2m---[0;39m [2m[nio-9999-exec-1][0;39m [36mo.s.web.servlet.DispatcherServlet       [0;39m [2m:[0;39m Completed initialization in 3 ms
[2m2022-05-27 00:12:38.414[0;39m [32m INFO[0;39m [35m11352[0;39m [2m---[0;39m [2m[  restartedMain][0;39m [36mo.s.b.w.embedded.tomcat.TomcatWebServer [0;39m [2m:[0;39m Tomcat initialized with port(s): 9999 (http)
[2m2022-05-27 00:12:38.485[0;39m [32m INFO[0;39m [35m11352[0;39m [2m---[0;39m [2m[  restartedMain][0;39m [36mw.s.c.ServletWebServerApplicationContext[0;39m [2m:[0;39m Root WebApplicationContext: initialization completed in 709 ms
[2m2022-05-27 00:12:38.701[0;39m [32m INFO[0;39m [35m11352[0;39m [2m---[0;39m [2m[  restartedMain][0;39m [36mo.s.b.d.a.OptionalLiveReloadServer      [0;39m [2m:[0;39m LiveReload server is running on port 35729
[2m2022-05-27 00:12:38.769[0;39m [32m INFO[0;39m [35m11352[0;39m [2m---[0;39m [2m[  restartedMain][0;39m [36mo.s.b.w.embedded.tomcat.TomcatWebServer [0;39m [2m:[0;39m Tomcat started on port(s): 9999 (http) with context path '/vue'
[2m2022-05-27 00:12:38.860[0;39m [32m INFO[0;39m [35m11352[0;39m [2m---[0;39m [2m[  restartedMain][0;39m [36m.ConditionEvaluationDeltaLoggingListener[0;39m [2m:[0;39m Condition evaluation unchanged
[2m2022-05-27 00:12:40.992[0;39m [32m INFO[0;39m [35m11352[0;39m [2m---[0;39m [2m[nio-9999-exec-1][0;39m [36mo.s.web.servlet.DispatcherServlet       [0;39m [2m:[0;39m Initializing Servlet 'dispatcherServlet'
[2m2022-05-27 00:12:40.996[0;39m [32m INFO[0;39m [35m11352[0;39m [2m---[0;39m [2m[nio-9999-exec-1][0;39m [36mo.s.web.servlet.DispatcherServlet       [0;39m [2m:[0;39m Completed initialization in 3 ms
[2m2022-05-27 00:12:51.878[0;39m [32m INFO[0;39m [35m11352[0;39m [2m---[0;39m [2m[  restartedMain][0;39m [36mo.s.b.w.embedded.tomcat.TomcatWebServer [0;39m [2m:[0;39m Tomcat initialized with port(s): 9999 (http)
[2m2022-05-27 00:12:51.928[0;39m [32m INFO[0;39m [35m11352[0;39m [2m---[0;39m [2m[  restartedMain][0;39m [36mw.s.c.ServletWebServerApplicationContext[0;39m [2m:[0;39m Root WebApplicationContext: initialization completed in 460 ms
[2m2022-05-27 00:12:52.066[0;39m [32m INFO[0;39m [35m11352[0;39m [2m---[0;39m [2m[  restartedMain][0;39m [36mo.s.b.d.a.OptionalLiveReloadServer      [0;39m [2m:[0;39m LiveReload server is running on port 35729
[2m2022-05-27 00:12:52.107[0;39m [32m INFO[0;39m [35m11352[0;39m [2m---[0;39m [2m[  restartedMain][0;39m [36mo.s.b.w.embedded.tomcat.TomcatWebServer [0;39m [2m:[0;39m Tomcat started on port(s): 9999 (http) with context path '/vue'
[2m2022-05-27 00:12:52.187[0;39m [32m INFO[0;39m [35m11352[0;39m [2m---[0;39m [2m[  restartedMain][0;39m [36m.ConditionEvaluationDeltaLoggingListener[0;39m [2m:[0;39m Condition evaluation unchanged
[2m2022-05-27 00:12:53.117[0;39m [32m INFO[0;39m [35m11352[0;39m [2m---[0;39m [2m[nio-9999-exec-1][0;39m [36mo.s.web.servlet.DispatcherServlet       [0;39m [2m:[0;39m Initializing Servlet 'dispatcherServlet'
[2m2022-05-27 00:12:53.120[0;39m [32m INFO[0;39m [35m11352[0;39m [2m---[0;39m [2m[nio-9999-exec-1][0;39m [36mo.s.web.servlet.DispatcherServlet       [0;39m [2m:[0;39m Completed initialization in 2 ms
[2m2022-05-27 00:14:59.876[0;39m [32m INFO[0;39m [35m11352[0;39m [2m---[0;39m [2m[  restartedMain][0;39m [36mo.s.b.w.embedded.tomcat.TomcatWebServer [0;39m [2m:[0;39m Tomcat initialized with port(s): 9999 (http)
[2m2022-05-27 00:14:59.929[0;39m [32m INFO[0;39m [35m11352[0;39m [2m---[0;39m [2m[  restartedMain][0;39m [36mw.s.c.ServletWebServerApplicationContext[0;39m [2m:[0;39m Root WebApplicationContext: initialization completed in 532 ms
[2m2022-05-27 00:15:00.077[0;39m [32m INFO[0;39m [35m11352[0;39m [2m---[0;39m [2m[  restartedMain][0;39m [36mo.s.b.d.a.OptionalLiveReloadServer      [0;39m [2m:[0;39m LiveReload server is running on port 35729
[2m2022-05-27 00:15:00.121[0;39m [32m INFO[0;39m [35m11352[0;39m [2m---[0;39m [2m[  restartedMain][0;39m [36mo.s.b.w.embedded.tomcat.TomcatWebServer [0;39m [2m:[0;39m Tomcat started on port(s): 9999 (http) with context path '/vue'
[2m2022-05-27 00:15:00.176[0;39m [32m INFO[0;39m [35m11352[0;39m [2m---[0;39m [2m[  restartedMain][0;39m [36m.ConditionEvaluationDeltaLoggingListener[0;39m [2m:[0;39m Condition evaluation unchanged
[2m2022-05-27 00:15:14.801[0;39m [32m INFO[0;39m [35m11352[0;39m [2m---[0;39m [2m[nio-9999-exec-1][0;39m [36mo.s.web.servlet.DispatcherServlet       [0;39m [2m:[0;39m Initializing Servlet 'dispatcherServlet'
[2m2022-05-27 00:15:14.804[0;39m [32m INFO[0;39m [35m11352[0;39m [2m---[0;39m [2m[nio-9999-exec-1][0;39m [36mo.s.web.servlet.DispatcherServlet       [0;39m [2m:[0;39m Completed initialization in 2 ms
[2m2022-05-27 00:24:42.238[0;39m [32m INFO[0;39m [35m11352[0;39m [2m---[0;39m [2m[  restartedMain][0;39m [36mo.s.b.w.embedded.tomcat.TomcatWebServer [0;39m [2m:[0;39m Tomcat initialized with port(s): 9999 (http)
[2m2022-05-27 00:24:42.290[0;39m [32m INFO[0;39m [35m11352[0;39m [2m---[0;39m [2m[  restartedMain][0;39m [36mw.s.c.ServletWebServerApplicationContext[0;39m [2m:[0;39m Root WebApplicationContext: initialization completed in 498 ms
[2m2022-05-27 00:24:42.421[0;39m [32m INFO[0;39m [35m11352[0;39m [2m---[0;39m [2m[  restartedMain][0;39m [36mo.s.b.d.a.OptionalLiveReloadServer      [0;39m [2m:[0;39m LiveReload server is running on port 35729
[2m2022-05-27 00:24:42.465[0;39m [32m INFO[0;39m [35m11352[0;39m [2m---[0;39m [2m[  restartedMain][0;39m [36mo.s.b.w.embedded.tomcat.TomcatWebServer [0;39m [2m:[0;39m Tomcat started on port(s): 9999 (http) with context path '/vue'
[2m2022-05-27 00:24:42.513[0;39m [32m INFO[0;39m [35m11352[0;39m [2m---[0;39m [2m[  restartedMain][0;39m [36m.ConditionEvaluationDeltaLoggingListener[0;39m [2m:[0;39m Condition evaluation unchanged
[2m2022-05-27 00:24:46.024[0;39m [32m INFO[0;39m [35m11352[0;39m [2m---[0;39m [2m[  restartedMain][0;39m [36mo.s.b.w.embedded.tomcat.TomcatWebServer [0;39m [2m:[0;39m Tomcat initialized with port(s): 9999 (http)
[2m2022-05-27 00:24:46.075[0;39m [32m INFO[0;39m [35m11352[0;39m [2m---[0;39m [2m[  restartedMain][0;39m [36mw.s.c.ServletWebServerApplicationContext[0;39m [2m:[0;39m Root WebApplicationContext: initialization completed in 500 ms
[2m2022-05-27 00:24:46.201[0;39m [32m INFO[0;39m [35m11352[0;39m [2m---[0;39m [2m[  restartedMain][0;39m [36mo.s.b.d.a.OptionalLiveReloadServer      [0;39m [2m:[0;39m LiveReload server is running on port 35729
[2m2022-05-27 00:24:46.239[0;39m [32m INFO[0;39m [35m11352[0;39m [2m---[0;39m [2m[  restartedMain][0;39m [36mo.s.b.w.embedded.tomcat.TomcatWebServer [0;39m [2m:[0;39m Tomcat started on port(s): 9999 (http) with context path '/vue'
[2m2022-05-27 00:24:46.289[0;39m [32m INFO[0;39m [35m11352[0;39m [2m---[0;39m [2m[  restartedMain][0;39m [36m.ConditionEvaluationDeltaLoggingListener[0;39m [2m:[0;39m Condition evaluation unchanged
[2m2022-05-27 00:24:55.544[0;39m [32m INFO[0;39m [35m11352[0;39m [2m---[0;39m [2m[nio-9999-exec-1][0;39m [36mo.s.web.servlet.DispatcherServlet       [0;39m [2m:[0;39m Initializing Servlet 'dispatcherServlet'
[2m2022-05-27 00:24:55.546[0;39m [32m INFO[0;39m [35m11352[0;39m [2m---[0;39m [2m[nio-9999-exec-1][0;39m [36mo.s.web.servlet.DispatcherServlet       [0;39m [2m:[0;39m Completed initialization in 2 ms
[2m2022-05-27 00:25:23.375[0;39m [32m INFO[0;39m [35m11352[0;39m [2m---[0;39m [2m[  restartedMain][0;39m [36mo.s.b.w.embedded.tomcat.TomcatWebServer [0;39m [2m:[0;39m Tomcat initialized with port(s): 9999 (http)
[2m2022-05-27 00:25:23.450[0;39m [32m INFO[0;39m [35m11352[0;39m [2m---[0;39m [2m[  restartedMain][0;39m [36mw.s.c.ServletWebServerApplicationContext[0;39m [2m:[0;39m Root WebApplicationContext: initialization completed in 548 ms
[2m2022-05-27 00:25:23.583[0;39m [32m INFO[0;39m [35m11352[0;39m [2m---[0;39m [2m[  restartedMain][0;39m [36mo.s.b.d.a.OptionalLiveReloadServer      [0;39m [2m:[0;39m LiveReload server is running on port 35729
[2m2022-05-27 00:25:23.628[0;39m [32m INFO[0;39m [35m11352[0;39m [2m---[0;39m [2m[  restartedMain][0;39m [36mo.s.b.w.embedded.tomcat.TomcatWebServer [0;39m [2m:[0;39m Tomcat started on port(s): 9999 (http) with context path '/vue'
[2m2022-05-27 00:25:23.690[0;39m [32m INFO[0;39m [35m11352[0;39m [2m---[0;39m [2m[  restartedMain][0;39m [36m.ConditionEvaluationDeltaLoggingListener[0;39m [2m:[0;39m Condition evaluation unchanged
[2m2022-05-27 00:25:32.027[0;39m [32m INFO[0;39m [35m11352[0;39m [2m---[0;39m [2m[nio-9999-exec-1][0;39m [36mo.s.web.servlet.DispatcherServlet       [0;39m [2m:[0;39m Initializing Servlet 'dispatcherServlet'
[2m2022-05-27 00:25:32.029[0;39m [32m INFO[0;39m [35m11352[0;39m [2m---[0;39m [2m[nio-9999-exec-1][0;39m [36mo.s.web.servlet.DispatcherServlet       [0;39m [2m:[0;39m Completed initialization in 1 ms
[2m2022-05-27 00:26:13.672[0;39m [32m INFO[0;39m [35m11352[0;39m [2m---[0;39m [2m[  restartedMain][0;39m [36mo.s.b.w.embedded.tomcat.TomcatWebServer [0;39m [2m:[0;39m Tomcat initialized with port(s): 9999 (http)
[2m2022-05-27 00:26:13.730[0;39m [32m INFO[0;39m [35m11352[0;39m [2m---[0;39m [2m[  restartedMain][0;39m [36mw.s.c.ServletWebServerApplicationContext[0;39m [2m:[0;39m Root WebApplicationContext: initialization completed in 573 ms
[2m2022-05-27 00:26:13.884[0;39m [32m INFO[0;39m [35m11352[0;39m [2m---[0;39m [2m[  restartedMain][0;39m [36mo.s.b.d.a.OptionalLiveReloadServer      [0;39m [2m:[0;39m LiveReload server is running on port 35729
[2m2022-05-27 00:26:13.953[0;39m [32m INFO[0;39m [35m11352[0;39m [2m---[0;39m [2m[  restartedMain][0;39m [36mo.s.b.w.embedded.tomcat.TomcatWebServer [0;39m [2m:[0;39m Tomcat started on port(s): 9999 (http) with context path '/vue'
[2m2022-05-27 00:26:14.050[0;39m [32m INFO[0;39m [35m11352[0;39m [2m---[0;39m [2m[  restartedMain][0;39m [36m.ConditionEvaluationDeltaLoggingListener[0;39m [2m:[0;39m Condition evaluation unchanged
[2m2022-05-27 00:26:17.483[0;39m [32m INFO[0;39m [35m11352[0;39m [2m---[0;39m [2m[nio-9999-exec-3][0;39m [36mo.s.web.servlet.DispatcherServlet       [0;39m [2m:[0;39m Initializing Servlet 'dispatcherServlet'
[2m2022-05-27 00:26:17.487[0;39m [32m INFO[0;39m [35m11352[0;39m [2m---[0;39m [2m[nio-9999-exec-3][0;39m [36mo.s.web.servlet.DispatcherServlet       [0;39m [2m:[0;39m Completed initialization in 2 ms
[2m2022-05-27 00:29:32.995[0;39m [32m INFO[0;39m [35m11352[0;39m [2m---[0;39m [2m[  restartedMain][0;39m [36mo.s.b.w.embedded.tomcat.TomcatWebServer [0;39m [2m:[0;39m Tomcat initialized with port(s): 9999 (http)
[2m2022-05-27 00:29:33.048[0;39m [32m INFO[0;39m [35m11352[0;39m [2m---[0;39m [2m[  restartedMain][0;39m [36mw.s.c.ServletWebServerApplicationContext[0;39m [2m:[0;39m Root WebApplicationContext: initialization completed in 578 ms
[2m2022-05-27 00:29:33.260[0;39m [32m INFO[0;39m [35m11352[0;39m [2m---[0;39m [2m[  restartedMain][0;39m [36mo.s.b.d.a.OptionalLiveReloadServer      [0;39m [2m:[0;39m LiveReload server is running on port 35729
[2m2022-05-27 00:29:33.314[0;39m [32m INFO[0;39m [35m11352[0;39m [2m---[0;39m [2m[  restartedMain][0;39m [36mo.s.b.w.embedded.tomcat.TomcatWebServer [0;39m [2m:[0;39m Tomcat started on port(s): 9999 (http) with context path '/vue'
[2m2022-05-27 00:29:33.378[0;39m [32m INFO[0;39m [35m11352[0;39m [2m---[0;39m [2m[  restartedMain][0;39m [36m.ConditionEvaluationDeltaLoggingListener[0;39m [2m:[0;39m Condition evaluation unchanged
[2m2022-05-27 00:29:33.687[0;39m [32m INFO[0;39m [35m11352[0;39m [2m---[0;39m [2m[nio-9999-exec-1][0;39m [36mo.s.web.servlet.DispatcherServlet       [0;39m [2m:[0;39m Initializing Servlet 'dispatcherServlet'
[2m2022-05-27 00:29:33.691[0;39m [32m INFO[0;39m [35m11352[0;39m [2m---[0;39m [2m[nio-9999-exec-1][0;39m [36mo.s.web.servlet.DispatcherServlet       [0;39m [2m:[0;39m Completed initialization in 2 ms
[2m2022-05-27 00:30:29.418[0;39m [32m INFO[0;39m [35m11352[0;39m [2m---[0;39m [2m[  restartedMain][0;39m [36mo.s.b.w.embedded.tomcat.TomcatWebServer [0;39m [2m:[0;39m Tomcat initialized with port(s): 9999 (http)
[2m2022-05-27 00:30:29.472[0;39m [32m INFO[0;39m [35m11352[0;39m [2m---[0;39m [2m[  restartedMain][0;39m [36mw.s.c.ServletWebServerApplicationContext[0;39m [2m:[0;39m Root WebApplicationContext: initialization completed in 608 ms
[2m2022-05-27 00:30:29.600[0;39m [32m INFO[0;39m [35m11352[0;39m [2m---[0;39m [2m[  restartedMain][0;39m [36mo.s.b.d.a.OptionalLiveReloadServer      [0;39m [2m:[0;39m LiveReload server is running on port 35729
[2m2022-05-27 00:30:29.639[0;39m [32m INFO[0;39m [35m11352[0;39m [2m---[0;39m [2m[  restartedMain][0;39m [36mo.s.b.w.embedded.tomcat.TomcatWebServer [0;39m [2m:[0;39m Tomcat started on port(s): 9999 (http) with context path '/vue'
[2m2022-05-27 00:30:29.689[0;39m [32m INFO[0;39m [35m11352[0;39m [2m---[0;39m [2m[  restartedMain][0;39m [36m.ConditionEvaluationDeltaLoggingListener[0;39m [2m:[0;39m Condition evaluation unchanged
[2m2022-05-27 00:32:25.524[0;39m [32m INFO[0;39m [35m11352[0;39m [2m---[0;39m [2m[  restartedMain][0;39m [36mo.s.b.w.embedded.tomcat.TomcatWebServer [0;39m [2m:[0;39m Tomcat initialized with port(s): 9999 (http)
[2m2022-05-27 00:32:25.575[0;39m [32m INFO[0;39m [35m11352[0;39m [2m---[0;39m [2m[  restartedMain][0;39m [36mw.s.c.ServletWebServerApplicationContext[0;39m [2m:[0;39m Root WebApplicationContext: initialization completed in 519 ms
[2m2022-05-27 00:32:25.719[0;39m [32m INFO[0;39m [35m11352[0;39m [2m---[0;39m [2m[  restartedMain][0;39m [36mo.s.b.d.a.OptionalLiveReloadServer      [0;39m [2m:[0;39m LiveReload server is running on port 35729
[2m2022-05-27 00:32:25.769[0;39m [32m INFO[0;39m [35m11352[0;39m [2m---[0;39m [2m[  restartedMain][0;39m [36mo.s.b.w.embedded.tomcat.TomcatWebServer [0;39m [2m:[0;39m Tomcat started on port(s): 9999 (http) with context path '/vue'
[2m2022-05-27 00:32:25.813[0;39m [32m INFO[0;39m [35m11352[0;39m [2m---[0;39m [2m[  restartedMain][0;39m [36m.ConditionEvaluationDeltaLoggingListener[0;39m [2m:[0;39m Condition evaluation unchanged
[2m2022-05-27 00:32:32.513[0;39m [32m INFO[0;39m [35m11352[0;39m [2m---[0;39m [2m[  restartedMain][0;39m [36mo.s.b.w.embedded.tomcat.TomcatWebServer [0;39m [2m:[0;39m Tomcat initialized with port(s): 9999 (http)
[2m2022-05-27 00:32:32.563[0;39m [32m INFO[0;39m [35m11352[0;39m [2m---[0;39m [2m[  restartedMain][0;39m [36mw.s.c.ServletWebServerApplicationContext[0;39m [2m:[0;39m Root WebApplicationContext: initialization completed in 471 ms
[2m2022-05-27 00:32:32.693[0;39m [32m INFO[0;39m [35m11352[0;39m [2m---[0;39m [2m[  restartedMain][0;39m [36mo.s.b.d.a.OptionalLiveReloadServer      [0;39m [2m:[0;39m LiveReload server is running on port 35729
[2m2022-05-27 00:32:32.738[0;39m [32m INFO[0;39m [35m11352[0;39m [2m---[0;39m [2m[  restartedMain][0;39m [36mo.s.b.w.embedded.tomcat.TomcatWebServer [0;39m [2m:[0;39m Tomcat started on port(s): 9999 (http) with context path '/vue'
[2m2022-05-27 00:32:32.789[0;39m [32m INFO[0;39m [35m11352[0;39m [2m---[0;39m [2m[  restartedMain][0;39m [36m.ConditionEvaluationDeltaLoggingListener[0;39m [2m:[0;39m Condition evaluation unchanged
[2m2022-05-27 00:32:38.733[0;39m [32m INFO[0;39m [35m11352[0;39m [2m---[0;39m [2m[nio-9999-exec-1][0;39m [36mo.s.web.servlet.DispatcherServlet       [0;39m [2m:[0;39m Initializing Servlet 'dispatcherServlet'
[2m2022-05-27 00:32:38.736[0;39m [32m INFO[0;39m [35m11352[0;39m [2m---[0;39m [2m[nio-9999-exec-1][0;39m [36mo.s.web.servlet.DispatcherServlet       [0;39m [2m:[0;39m Completed initialization in 2 ms
[2m2022-05-27 00:32:50.323[0;39m [32m INFO[0;39m [35m11352[0;39m [2m---[0;39m [2m[  restartedMain][0;39m [36mo.s.b.w.embedded.tomcat.TomcatWebServer [0;39m [2m:[0;39m Tomcat initialized with port(s): 9999 (http)
[2m2022-05-27 00:32:50.412[0;39m [32m INFO[0;39m [35m11352[0;39m [2m---[0;39m [2m[  restartedMain][0;39m [36mw.s.c.ServletWebServerApplicationContext[0;39m [2m:[0;39m Root WebApplicationContext: initialization completed in 728 ms
[2m2022-05-27 00:32:50.587[0;39m [32m INFO[0;39m [35m11352[0;39m [2m---[0;39m [2m[  restartedMain][0;39m [36mo.s.b.d.a.OptionalLiveReloadServer      [0;39m [2m:[0;39m LiveReload server is running on port 35729
[2m2022-05-27 00:32:50.632[0;39m [32m INFO[0;39m [35m11352[0;39m [2m---[0;39m [2m[  restartedMain][0;39m [36mo.s.b.w.embedded.tomcat.TomcatWebServer [0;39m [2m:[0;39m Tomcat started on port(s): 9999 (http) with context path '/vue'
[2m2022-05-27 00:32:50.685[0;39m [32m INFO[0;39m [35m11352[0;39m [2m---[0;39m [2m[nio-9999-exec-1][0;39m [36mo.s.web.servlet.DispatcherServlet       [0;39m [2m:[0;39m Initializing Servlet 'dispatcherServlet'
[2m2022-05-27 00:32:50.687[0;39m [32m INFO[0;39m [35m11352[0;39m [2m---[0;39m [2m[  restartedMain][0;39m [36m.ConditionEvaluationDeltaLoggingListener[0;39m [2m:[0;39m Condition evaluation unchanged
[2m2022-05-27 00:32:50.687[0;39m [32m INFO[0;39m [35m11352[0;39m [2m---[0;39m [2m[nio-9999-exec-1][0;39m [36mo.s.web.servlet.DispatcherServlet       [0;39m [2m:[0;39m Completed initialization in 1 ms
[2m2022-05-27 00:33:48.939[0;39m [32m INFO[0;39m [35m11352[0;39m [2m---[0;39m [2m[  restartedMain][0;39m [36mo.s.b.w.embedded.tomcat.TomcatWebServer [0;39m [2m:[0;39m Tomcat initialized with port(s): 9999 (http)
[2m2022-05-27 00:33:49.005[0;39m [32m INFO[0;39m [35m11352[0;39m [2m---[0;39m [2m[  restartedMain][0;39m [36mw.s.c.ServletWebServerApplicationContext[0;39m [2m:[0;39m Root WebApplicationContext: initialization completed in 534 ms
[2m2022-05-27 00:33:49.215[0;39m [32m INFO[0;39m [35m11352[0;39m [2m---[0;39m [2m[  restartedMain][0;39m [36mo.s.b.d.a.OptionalLiveReloadServer      [0;39m [2m:[0;39m LiveReload server is running on port 35729
[2m2022-05-27 00:33:49.269[0;39m [32m INFO[0;39m [35m11352[0;39m [2m---[0;39m [2m[  restartedMain][0;39m [36mo.s.b.w.embedded.tomcat.TomcatWebServer [0;39m [2m:[0;39m Tomcat started on port(s): 9999 (http) with context path '/vue'
[2m2022-05-27 00:33:49.321[0;39m [32m INFO[0;39m [35m11352[0;39m [2m---[0;39m [2m[  restartedMain][0;39m [36m.ConditionEvaluationDeltaLoggingListener[0;39m [2m:[0;39m Condition evaluation unchanged
[2m2022-05-27 00:33:50.952[0;39m [32m INFO[0;39m [35m11352[0;39m [2m---[0;39m [2m[nio-9999-exec-1][0;39m [36mo.s.web.servlet.DispatcherServlet       [0;39m [2m:[0;39m Initializing Servlet 'dispatcherServlet'
[2m2022-05-27 00:33:50.955[0;39m [32m INFO[0;39m [35m11352[0;39m [2m---[0;39m [2m[nio-9999-exec-1][0;39m [36mo.s.web.servlet.DispatcherServlet       [0;39m [2m:[0;39m Completed initialization in 2 ms
[2m2022-05-27 00:35:33.606[0;39m [32m INFO[0;39m [35m11352[0;39m [2m---[0;39m [2m[  restartedMain][0;39m [36mo.s.b.w.embedded.tomcat.TomcatWebServer [0;39m [2m:[0;39m Tomcat initialized with port(s): 9999 (http)
[2m2022-05-27 00:35:33.655[0;39m [32m INFO[0;39m [35m11352[0;39m [2m---[0;39m [2m[  restartedMain][0;39m [36mw.s.c.ServletWebServerApplicationContext[0;39m [2m:[0;39m Root WebApplicationContext: initialization completed in 499 ms
[2m2022-05-27 00:35:33.780[0;39m [32m INFO[0;39m [35m11352[0;39m [2m---[0;39m [2m[  restartedMain][0;39m [36mo.s.b.d.a.OptionalLiveReloadServer      [0;39m [2m:[0;39m LiveReload server is running on port 35729
[2m2022-05-27 00:35:33.821[0;39m [32m INFO[0;39m [35m11352[0;39m [2m---[0;39m [2m[  restartedMain][0;39m [36mo.s.b.w.embedded.tomcat.TomcatWebServer [0;39m [2m:[0;39m Tomcat started on port(s): 9999 (http) with context path '/vue'
[2m2022-05-27 00:35:33.866[0;39m [32m INFO[0;39m [35m11352[0;39m [2m---[0;39m [2m[  restartedMain][0;39m [36m.ConditionEvaluationDeltaLoggingListener[0;39m [2m:[0;39m Condition evaluation unchanged
[2m2022-05-27 00:35:49.113[0;39m [32m INFO[0;39m [35m11352[0;39m [2m---[0;39m [2m[  restartedMain][0;39m [36mo.s.b.w.embedded.tomcat.TomcatWebServer [0;39m [2m:[0;39m Tomcat initialized with port(s): 9999 (http)
[2m2022-05-27 00:35:49.195[0;39m [32m INFO[0;39m [35m11352[0;39m [2m---[0;39m [2m[  restartedMain][0;39m [36mw.s.c.ServletWebServerApplicationContext[0;39m [2m:[0;39m Root WebApplicationContext: initialization completed in 592 ms
[2m2022-05-27 00:35:49.335[0;39m [32m INFO[0;39m [35m11352[0;39m [2m---[0;39m [2m[  restartedMain][0;39m [36mo.s.b.d.a.OptionalLiveReloadServer      [0;39m [2m:[0;39m LiveReload server is running on port 35729
[2m2022-05-27 00:35:49.424[0;39m [32m INFO[0;39m [35m11352[0;39m [2m---[0;39m [2m[  restartedMain][0;39m [36mo.s.b.w.embedded.tomcat.TomcatWebServer [0;39m [2m:[0;39m Tomcat started on port(s): 9999 (http) with context path '/vue'
[2m2022-05-27 00:35:49.516[0;39m [32m INFO[0;39m [35m11352[0;39m [2m---[0;39m [2m[  restartedMain][0;39m [36m.ConditionEvaluationDeltaLoggingListener[0;39m [2m:[0;39m Condition evaluation unchanged
[2m2022-05-27 00:35:57.011[0;39m [32m INFO[0;39m [35m11352[0;39m [2m---[0;39m [2m[nio-9999-exec-1][0;39m [36mo.s.web.servlet.DispatcherServlet       [0;39m [2m:[0;39m Initializing Servlet 'dispatcherServlet'
[2m2022-05-27 00:35:57.013[0;39m [32m INFO[0;39m [35m11352[0;39m [2m---[0;39m [2m[nio-9999-exec-1][0;39m [36mo.s.web.servlet.DispatcherServlet       [0;39m [2m:[0;39m Completed initialization in 2 ms
[2m2022-05-27 00:36:57.332[0;39m [32m INFO[0;39m [35m11352[0;39m [2m---[0;39m [2m[  restartedMain][0;39m [36mo.s.b.w.embedded.tomcat.TomcatWebServer [0;39m [2m:[0;39m Tomcat initialized with port(s): 9999 (http)
[2m2022-05-27 00:36:57.426[0;39m [32m INFO[0;39m [35m11352[0;39m [2m---[0;39m [2m[  restartedMain][0;39m [36mw.s.c.ServletWebServerApplicationContext[0;39m [2m:[0;39m Root WebApplicationContext: initialization completed in 801 ms
[2m2022-05-27 00:36:57.615[0;39m [32m INFO[0;39m [35m11352[0;39m [2m---[0;39m [2m[  restartedMain][0;39m [36mo.s.b.d.a.OptionalLiveReloadServer      [0;39m [2m:[0;39m LiveReload server is running on port 35729
[2m2022-05-27 00:36:57.693[0;39m [32m INFO[0;39m [35m11352[0;39m [2m---[0;39m [2m[  restartedMain][0;39m [36mo.s.b.w.embedded.tomcat.TomcatWebServer [0;39m [2m:[0;39m Tomcat started on port(s): 9999 (http) with context path '/vue'
[2m2022-05-27 00:36:57.792[0;39m [32m INFO[0;39m [35m11352[0;39m [2m---[0;39m [2m[  restartedMain][0;39m [36m.ConditionEvaluationDeltaLoggingListener[0;39m [2m:[0;39m Condition evaluation unchanged
[2m2022-05-27 00:36:57.804[0;39m [32m INFO[0;39m [35m11352[0;39m [2m---[0;39m [2m[nio-9999-exec-3][0;39m [36mo.s.web.servlet.DispatcherServlet       [0;39m [2m:[0;39m Initializing Servlet 'dispatcherServlet'
[2m2022-05-27 00:36:57.808[0;39m [32m INFO[0;39m [35m11352[0;39m [2m---[0;39m [2m[nio-9999-exec-3][0;39m [36mo.s.web.servlet.DispatcherServlet       [0;39m [2m:[0;39m Completed initialization in 4 ms
[2m2022-05-27 00:39:50.543[0;39m [32m INFO[0;39m [35m11352[0;39m [2m---[0;39m [2m[  restartedMain][0;39m [36mo.s.b.w.embedded.tomcat.TomcatWebServer [0;39m [2m:[0;39m Tomcat initialized with port(s): 9999 (http)
[2m2022-05-27 00:39:50.610[0;39m [32m INFO[0;39m [35m11352[0;39m [2m---[0;39m [2m[  restartedMain][0;39m [36mw.s.c.ServletWebServerApplicationContext[0;39m [2m:[0;39m Root WebApplicationContext: initialization completed in 548 ms
[2m2022-05-27 00:39:50.746[0;39m [32m INFO[0;39m [35m11352[0;39m [2m---[0;39m [2m[  restartedMain][0;39m [36mo.s.b.d.a.OptionalLiveReloadServer      [0;39m [2m:[0;39m LiveReload server is running on port 35729
[2m2022-05-27 00:39:50.789[0;39m [32m INFO[0;39m [35m11352[0;39m [2m---[0;39m [2m[  restartedMain][0;39m [36mo.s.b.w.embedded.tomcat.TomcatWebServer [0;39m [2m:[0;39m Tomcat started on port(s): 9999 (http) with context path '/vue'
[2m2022-05-27 00:39:50.840[0;39m [32m INFO[0;39m [35m11352[0;39m [2m---[0;39m [2m[  restartedMain][0;39m [36m.ConditionEvaluationDeltaLoggingListener[0;39m [2m:[0;39m Condition evaluation unchanged
[2m2022-05-27 00:40:05.934[0;39m [32m INFO[0;39m [35m11352[0;39m [2m---[0;39m [2m[  restartedMain][0;39m [36mo.s.b.w.embedded.tomcat.TomcatWebServer [0;39m [2m:[0;39m Tomcat initialized with port(s): 9999 (http)
[2m2022-05-27 00:40:05.995[0;39m [32m INFO[0;39m [35m11352[0;39m [2m---[0;39m [2m[  restartedMain][0;39m [36mw.s.c.ServletWebServerApplicationContext[0;39m [2m:[0;39m Root WebApplicationContext: initialization completed in 499 ms
[2m2022-05-27 00:40:06.127[0;39m [32m INFO[0;39m [35m11352[0;39m [2m---[0;39m [2m[  restartedMain][0;39m [36mo.s.b.d.a.OptionalLiveReloadServer      [0;39m [2m:[0;39m LiveReload server is running on port 35729
[2m2022-05-27 00:40:06.169[0;39m [32m INFO[0;39m [35m11352[0;39m [2m---[0;39m [2m[  restartedMain][0;39m [36mo.s.b.w.embedded.tomcat.TomcatWebServer [0;39m [2m:[0;39m Tomcat started on port(s): 9999 (http) with context path '/vue'
[2m2022-05-27 00:40:06.216[0;39m [32m INFO[0;39m [35m11352[0;39m [2m---[0;39m [2m[  restartedMain][0;39m [36m.ConditionEvaluationDeltaLoggingListener[0;39m [2m:[0;39m Condition evaluation unchanged
[2m2022-05-27 00:40:18.147[0;39m [32m INFO[0;39m [35m11352[0;39m [2m---[0;39m [2m[nio-9999-exec-1][0;39m [36mo.s.web.servlet.DispatcherServlet       [0;39m [2m:[0;39m Initializing Servlet 'dispatcherServlet'
[2m2022-05-27 00:40:18.150[0;39m [32m INFO[0;39m [35m11352[0;39m [2m---[0;39m [2m[nio-9999-exec-1][0;39m [36mo.s.web.servlet.DispatcherServlet       [0;39m [2m:[0;39m Completed initialization in 2 ms
[2m2022-05-27 00:40:48.648[0;39m [32m INFO[0;39m [35m11352[0;39m [2m---[0;39m [2m[  restartedMain][0;39m [36mo.s.b.w.embedded.tomcat.TomcatWebServer [0;39m [2m:[0;39m Tomcat initialized with port(s): 9999 (http)
[2m2022-05-27 00:40:48.696[0;39m [32m INFO[0;39m [35m11352[0;39m [2m---[0;39m [2m[  restartedMain][0;39m [36mw.s.c.ServletWebServerApplicationContext[0;39m [2m:[0;39m Root WebApplicationContext: initialization completed in 574 ms
[2m2022-05-27 00:40:48.846[0;39m [32m INFO[0;39m [35m11352[0;39m [2m---[0;39m [2m[  restartedMain][0;39m [36mo.s.b.d.a.OptionalLiveReloadServer      [0;39m [2m:[0;39m LiveReload server is running on port 35729
[2m2022-05-27 00:40:48.888[0;39m [32m INFO[0;39m [35m11352[0;39m [2m---[0;39m [2m[  restartedMain][0;39m [36mo.s.b.w.embedded.tomcat.TomcatWebServer [0;39m [2m:[0;39m Tomcat started on port(s): 9999 (http) with context path '/vue'
[2m2022-05-27 00:40:48.935[0;39m [32m INFO[0;39m [35m11352[0;39m [2m---[0;39m [2m[  restartedMain][0;39m [36m.ConditionEvaluationDeltaLoggingListener[0;39m [2m:[0;39m Condition evaluation unchanged
[2m2022-05-27 00:40:49.625[0;39m [32m INFO[0;39m [35m11352[0;39m [2m---[0;39m [2m[nio-9999-exec-1][0;39m [36mo.s.web.servlet.DispatcherServlet       [0;39m [2m:[0;39m Initializing Servlet 'dispatcherServlet'
[2m2022-05-27 00:40:49.629[0;39m [32m INFO[0;39m [35m11352[0;39m [2m---[0;39m [2m[nio-9999-exec-1][0;39m [36mo.s.web.servlet.DispatcherServlet       [0;39m [2m:[0;39m Completed initialization in 3 ms
[2m2022-05-27 00:41:40.982[0;39m [32m INFO[0;39m [35m11352[0;39m [2m---[0;39m [2m[  restartedMain][0;39m [36mo.s.b.w.embedded.tomcat.TomcatWebServer [0;39m [2m:[0;39m Tomcat initialized with port(s): 9999 (http)
[2m2022-05-27 00:41:41.044[0;39m [32m INFO[0;39m [35m11352[0;39m [2m---[0;39m [2m[  restartedMain][0;39m [36mw.s.c.ServletWebServerApplicationContext[0;39m [2m:[0;39m Root WebApplicationContext: initialization completed in 548 ms
[2m2022-05-27 00:41:41.182[0;39m [32m INFO[0;39m [35m11352[0;39m [2m---[0;39m [2m[  restartedMain][0;39m [36mo.s.b.d.a.OptionalLiveReloadServer      [0;39m [2m:[0;39m LiveReload server is running on port 35729
[2m2022-05-27 00:41:41.221[0;39m [32m INFO[0;39m [35m11352[0;39m [2m---[0;39m [2m[  restartedMain][0;39m [36mo.s.b.w.embedded.tomcat.TomcatWebServer [0;39m [2m:[0;39m Tomcat started on port(s): 9999 (http) with context path '/vue'
[2m2022-05-27 00:41:41.266[0;39m [32m INFO[0;39m [35m11352[0;39m [2m---[0;39m [2m[  restartedMain][0;39m [36m.ConditionEvaluationDeltaLoggingListener[0;39m [2m:[0;39m Condition evaluation unchanged
[2m2022-05-27 00:42:25.950[0;39m [32m INFO[0;39m [35m11352[0;39m [2m---[0;39m [2m[  restartedMain][0;39m [36mo.s.b.w.embedded.tomcat.TomcatWebServer [0;39m [2m:[0;39m Tomcat initialized with port(s): 9999 (http)
[2m2022-05-27 00:42:26.001[0;39m [32m INFO[0;39m [35m11352[0;39m [2m---[0;39m [2m[  restartedMain][0;39m [36mw.s.c.ServletWebServerApplicationContext[0;39m [2m:[0;39m Root WebApplicationContext: initialization completed in 536 ms
[2m2022-05-27 00:42:26.125[0;39m [32m INFO[0;39m [35m11352[0;39m [2m---[0;39m [2m[  restartedMain][0;39m [36mo.s.b.d.a.OptionalLiveReloadServer      [0;39m [2m:[0;39m LiveReload server is running on port 35729
[2m2022-05-27 00:42:26.164[0;39m [32m INFO[0;39m [35m11352[0;39m [2m---[0;39m [2m[  restartedMain][0;39m [36mo.s.b.w.embedded.tomcat.TomcatWebServer [0;39m [2m:[0;39m Tomcat started on port(s): 9999 (http) with context path '/vue'
[2m2022-05-27 00:42:26.206[0;39m [32m INFO[0;39m [35m11352[0;39m [2m---[0;39m [2m[  restartedMain][0;39m [36m.ConditionEvaluationDeltaLoggingListener[0;39m [2m:[0;39m Condition evaluation unchanged
[2m2022-05-27 00:43:03.182[0;39m [32m INFO[0;39m [35m11352[0;39m [2m---[0;39m [2m[  restartedMain][0;39m [36mo.s.b.w.embedded.tomcat.TomcatWebServer [0;39m [2m:[0;39m Tomcat initialized with port(s): 9999 (http)
[2m2022-05-27 00:43:03.230[0;39m [32m INFO[0;39m [35m11352[0;39m [2m---[0;39m [2m[  restartedMain][0;39m [36mw.s.c.ServletWebServerApplicationContext[0;39m [2m:[0;39m Root WebApplicationContext: initialization completed in 506 ms
[2m2022-05-27 00:43:03.354[0;39m [32m INFO[0;39m [35m11352[0;39m [2m---[0;39m [2m[  restartedMain][0;39m [36mo.s.b.d.a.OptionalLiveReloadServer      [0;39m [2m:[0;39m LiveReload server is running on port 35729
[2m2022-05-27 00:43:03.396[0;39m [32m INFO[0;39m [35m11352[0;39m [2m---[0;39m [2m[  restartedMain][0;39m [36mo.s.b.w.embedded.tomcat.TomcatWebServer [0;39m [2m:[0;39m Tomcat started on port(s): 9999 (http) with context path '/vue'
[2m2022-05-27 00:43:03.443[0;39m [32m INFO[0;39m [35m11352[0;39m [2m---[0;39m [2m[  restartedMain][0;39m [36m.ConditionEvaluationDeltaLoggingListener[0;39m [2m:[0;39m Condition evaluation unchanged
[2m2022-05-27 00:43:11.166[0;39m [32m INFO[0;39m [35m11352[0;39m [2m---[0;39m [2m[  restartedMain][0;39m [36mo.s.b.w.embedded.tomcat.TomcatWebServer [0;39m [2m:[0;39m Tomcat initialized with port(s): 9999 (http)
[2m2022-05-27 00:43:11.225[0;39m [32m INFO[0;39m [35m11352[0;39m [2m---[0;39m [2m[  restartedMain][0;39m [36mw.s.c.ServletWebServerApplicationContext[0;39m [2m:[0;39m Root WebApplicationContext: initialization completed in 490 ms
[2m2022-05-27 00:43:11.348[0;39m [32m INFO[0;39m [35m11352[0;39m [2m---[0;39m [2m[  restartedMain][0;39m [36mo.s.b.d.a.OptionalLiveReloadServer      [0;39m [2m:[0;39m LiveReload server is running on port 35729
[2m2022-05-27 00:43:11.387[0;39m [32m INFO[0;39m [35m11352[0;39m [2m---[0;39m [2m[  restartedMain][0;39m [36mo.s.b.w.embedded.tomcat.TomcatWebServer [0;39m [2m:[0;39m Tomcat started on port(s): 9999 (http) with context path '/vue'
[2m2022-05-27 00:43:11.431[0;39m [32m INFO[0;39m [35m11352[0;39m [2m---[0;39m [2m[  restartedMain][0;39m [36m.ConditionEvaluationDeltaLoggingListener[0;39m [2m:[0;39m Condition evaluation unchanged
[2m2022-05-27 00:43:18.075[0;39m [32m INFO[0;39m [35m11352[0;39m [2m---[0;39m [2m[  restartedMain][0;39m [36mo.s.b.w.embedded.tomcat.TomcatWebServer [0;39m [2m:[0;39m Tomcat initialized with port(s): 9999 (http)
[2m2022-05-27 00:43:18.136[0;39m [32m INFO[0;39m [35m11352[0;39m [2m---[0;39m [2m[  restartedMain][0;39m [36mw.s.c.ServletWebServerApplicationContext[0;39m [2m:[0;39m Root WebApplicationContext: initialization completed in 484 ms
[2m2022-05-27 00:43:18.262[0;39m [32m INFO[0;39m [35m11352[0;39m [2m---[0;39m [2m[  restartedMain][0;39m [36mo.s.b.d.a.OptionalLiveReloadServer      [0;39m [2m:[0;39m LiveReload server is running on port 35729
[2m2022-05-27 00:43:18.304[0;39m [32m INFO[0;39m [35m11352[0;39m [2m---[0;39m [2m[  restartedMain][0;39m [36mo.s.b.w.embedded.tomcat.TomcatWebServer [0;39m [2m:[0;39m Tomcat started on port(s): 9999 (http) with context path '/vue'
[2m2022-05-27 00:43:18.349[0;39m [32m INFO[0;39m [35m11352[0;39m [2m---[0;39m [2m[  restartedMain][0;39m [36m.ConditionEvaluationDeltaLoggingListener[0;39m [2m:[0;39m Condition evaluation unchanged
[2m2022-05-27 00:43:51.438[0;39m [32m INFO[0;39m [35m11352[0;39m [2m---[0;39m [2m[  restartedMain][0;39m [36mo.s.b.w.embedded.tomcat.TomcatWebServer [0;39m [2m:[0;39m Tomcat initialized with port(s): 9999 (http)
[2m2022-05-27 00:43:51.488[0;39m [32m INFO[0;39m [35m11352[0;39m [2m---[0;39m [2m[  restartedMain][0;39m [36mw.s.c.ServletWebServerApplicationContext[0;39m [2m:[0;39m Root WebApplicationContext: initialization completed in 572 ms
[2m2022-05-27 00:43:51.646[0;39m [32m INFO[0;39m [35m11352[0;39m [2m---[0;39m [2m[  restartedMain][0;39m [36mo.s.b.d.a.OptionalLiveReloadServer      [0;39m [2m:[0;39m LiveReload server is running on port 35729
[2m2022-05-27 00:43:51.721[0;39m [32m INFO[0;39m [35m11352[0;39m [2m---[0;39m [2m[  restartedMain][0;39m [36mo.s.b.w.embedded.tomcat.TomcatWebServer [0;39m [2m:[0;39m Tomcat started on port(s): 9999 (http) with context path '/vue'
[2m2022-05-27 00:43:51.779[0;39m [32m INFO[0;39m [35m11352[0;39m [2m---[0;39m [2m[  restartedMain][0;39m [36m.ConditionEvaluationDeltaLoggingListener[0;39m [2m:[0;39m Condition evaluation unchanged
[2m2022-05-27 00:43:56.011[0;39m [32m INFO[0;39m [35m11352[0;39m [2m---[0;39m [2m[nio-9999-exec-1][0;39m [36mo.s.web.servlet.DispatcherServlet       [0;39m [2m:[0;39m Initializing Servlet 'dispatcherServlet'
[2m2022-05-27 00:43:56.013[0;39m [32m INFO[0;39m [35m11352[0;39m [2m---[0;39m [2m[nio-9999-exec-1][0;39m [36mo.s.web.servlet.DispatcherServlet       [0;39m [2m:[0;39m Completed initialization in 2 ms
[2m2022-05-27 00:44:16.905[0;39m [32m INFO[0;39m [35m11352[0;39m [2m---[0;39m [2m[  restartedMain][0;39m [36mo.s.b.w.embedded.tomcat.TomcatWebServer [0;39m [2m:[0;39m Tomcat initialized with port(s): 9999 (http)
[2m2022-05-27 00:44:16.984[0;39m [32m INFO[0;39m [35m11352[0;39m [2m---[0;39m [2m[  restartedMain][0;39m [36mw.s.c.ServletWebServerApplicationContext[0;39m [2m:[0;39m Root WebApplicationContext: initialization completed in 933 ms
[2m2022-05-27 00:44:17.176[0;39m [32m INFO[0;39m [35m11352[0;39m [2m---[0;39m [2m[  restartedMain][0;39m [36mo.s.b.d.a.OptionalLiveReloadServer      [0;39m [2m:[0;39m LiveReload server is running on port 35729
[2m2022-05-27 00:44:17.245[0;39m [32m INFO[0;39m [35m11352[0;39m [2m---[0;39m [2m[  restartedMain][0;39m [36mo.s.b.w.embedded.tomcat.TomcatWebServer [0;39m [2m:[0;39m Tomcat started on port(s): 9999 (http) with context path '/vue'
[2m2022-05-27 00:44:17.314[0;39m [32m INFO[0;39m [35m11352[0;39m [2m---[0;39m [2m[  restartedMain][0;39m [36m.ConditionEvaluationDeltaLoggingListener[0;39m [2m:[0;39m Condition evaluation unchanged
[2m2022-05-27 00:45:30.144[0;39m [32m INFO[0;39m [35m11352[0;39m [2m---[0;39m [2m[nio-9999-exec-1][0;39m [36mo.s.web.servlet.DispatcherServlet       [0;39m [2m:[0;39m Initializing Servlet 'dispatcherServlet'
[2m2022-05-27 00:45:30.146[0;39m [32m INFO[0;39m [35m11352[0;39m [2m---[0;39m [2m[nio-9999-exec-1][0;39m [36mo.s.web.servlet.DispatcherServlet       [0;39m [2m:[0;39m Completed initialization in 2 ms
[2m2022-05-27 00:46:30.900[0;39m [32m INFO[0;39m [35m11352[0;39m [2m---[0;39m [2m[  restartedMain][0;39m [36mo.s.b.w.embedded.tomcat.TomcatWebServer [0;39m [2m:[0;39m Tomcat initialized with port(s): 9999 (http)
[2m2022-05-27 00:46:30.948[0;39m [32m INFO[0;39m [35m11352[0;39m [2m---[0;39m [2m[  restartedMain][0;39m [36mw.s.c.ServletWebServerApplicationContext[0;39m [2m:[0;39m Root WebApplicationContext: initialization completed in 509 ms
[2m2022-05-27 00:46:31.084[0;39m [32m INFO[0;39m [35m11352[0;39m [2m---[0;39m [2m[  restartedMain][0;39m [36mo.s.b.d.a.OptionalLiveReloadServer      [0;39m [2m:[0;39m LiveReload server is running on port 35729
[2m2022-05-27 00:46:31.123[0;39m [32m INFO[0;39m [35m11352[0;39m [2m---[0;39m [2m[  restartedMain][0;39m [36mo.s.b.w.embedded.tomcat.TomcatWebServer [0;39m [2m:[0;39m Tomcat started on port(s): 9999 (http) with context path '/vue'
[2m2022-05-27 00:46:31.171[0;39m [32m INFO[0;39m [35m11352[0;39m [2m---[0;39m [2m[  restartedMain][0;39m [36m.ConditionEvaluationDeltaLoggingListener[0;39m [2m:[0;39m Condition evaluation unchanged
[2m2022-05-27 01:00:14.067[0;39m [32m INFO[0;39m [35m11352[0;39m [2m---[0;39m [2m[  restartedMain][0;39m [36mo.s.b.w.embedded.tomcat.TomcatWebServer [0;39m [2m:[0;39m Tomcat initialized with port(s): 9999 (http)
[2m2022-05-27 01:00:14.121[0;39m [32m INFO[0;39m [35m11352[0;39m [2m---[0;39m [2m[  restartedMain][0;39m [36mw.s.c.ServletWebServerApplicationContext[0;39m [2m:[0;39m Root WebApplicationContext: initialization completed in 548 ms
[2m2022-05-27 01:00:14.280[0;39m [32m INFO[0;39m [35m11352[0;39m [2m---[0;39m [2m[  restartedMain][0;39m [36mo.s.b.d.a.OptionalLiveReloadServer      [0;39m [2m:[0;39m LiveReload server is running on port 35729
[2m2022-05-27 01:00:14.335[0;39m [32m INFO[0;39m [35m11352[0;39m [2m---[0;39m [2m[  restartedMain][0;39m [36mo.s.b.w.embedded.tomcat.TomcatWebServer [0;39m [2m:[0;39m Tomcat started on port(s): 9999 (http) with context path '/vue'
[2m2022-05-27 01:00:14.403[0;39m [32m INFO[0;39m [35m11352[0;39m [2m---[0;39m [2m[  restartedMain][0;39m [36m.ConditionEvaluationDeltaLoggingListener[0;39m [2m:[0;39m Condition evaluation unchanged
[2m2022-05-27 01:00:31.634[0;39m [32m INFO[0;39m [35m11352[0;39m [2m---[0;39m [2m[nio-9999-exec-1][0;39m [36mo.s.web.servlet.DispatcherServlet       [0;39m [2m:[0;39m Initializing Servlet 'dispatcherServlet'
[2m2022-05-27 01:00:31.638[0;39m [32m INFO[0;39m [35m11352[0;39m [2m---[0;39m [2m[nio-9999-exec-1][0;39m [36mo.s.web.servlet.DispatcherServlet       [0;39m [2m:[0;39m Completed initialization in 3 ms
[2m2022-05-27 01:01:22.229[0;39m [32m INFO[0;39m [35m11352[0;39m [2m---[0;39m [2m[  restartedMain][0;39m [36mo.s.b.w.embedded.tomcat.TomcatWebServer [0;39m [2m:[0;39m Tomcat initialized with port(s): 9999 (http)
[2m2022-05-27 01:01:22.283[0;39m [32m INFO[0;39m [35m11352[0;39m [2m---[0;39m [2m[  restartedMain][0;39m [36mw.s.c.ServletWebServerApplicationContext[0;39m [2m:[0;39m Root WebApplicationContext: initialization completed in 675 ms
[2m2022-05-27 01:01:22.452[0;39m [32m INFO[0;39m [35m11352[0;39m [2m---[0;39m [2m[  restartedMain][0;39m [36mo.s.b.d.a.OptionalLiveReloadServer      [0;39m [2m:[0;39m LiveReload server is running on port 35729
[2m2022-05-27 01:01:22.509[0;39m [32m INFO[0;39m [35m11352[0;39m [2m---[0;39m [2m[  restartedMain][0;39m [36mo.s.b.w.embedded.tomcat.TomcatWebServer [0;39m [2m:[0;39m Tomcat started on port(s): 9999 (http) with context path '/vue'
[2m2022-05-27 01:01:22.575[0;39m [32m INFO[0;39m [35m11352[0;39m [2m---[0;39m [2m[  restartedMain][0;39m [36m.ConditionEvaluationDeltaLoggingListener[0;39m [2m:[0;39m Condition evaluation unchanged
[2m2022-05-27 01:01:33.444[0;39m [32m INFO[0;39m [35m11352[0;39m [2m---[0;39m [2m[  restartedMain][0;39m [36mo.s.b.w.embedded.tomcat.TomcatWebServer [0;39m [2m:[0;39m Tomcat initialized with port(s): 9999 (http)
[2m2022-05-27 01:01:33.495[0;39m [32m INFO[0;39m [35m11352[0;39m [2m---[0;39m [2m[  restartedMain][0;39m [36mw.s.c.ServletWebServerApplicationContext[0;39m [2m:[0;39m Root WebApplicationContext: initialization completed in 532 ms
[2m2022-05-27 01:01:33.633[0;39m [32m INFO[0;39m [35m11352[0;39m [2m---[0;39m [2m[  restartedMain][0;39m [36mo.s.b.d.a.OptionalLiveReloadServer      [0;39m [2m:[0;39m LiveReload server is running on port 35729
[2m2022-05-27 01:01:33.679[0;39m [32m INFO[0;39m [35m11352[0;39m [2m---[0;39m [2m[  restartedMain][0;39m [36mo.s.b.w.embedded.tomcat.TomcatWebServer [0;39m [2m:[0;39m Tomcat started on port(s): 9999 (http) with context path '/vue'
[2m2022-05-27 01:01:33.726[0;39m [32m INFO[0;39m [35m11352[0;39m [2m---[0;39m [2m[  restartedMain][0;39m [36m.ConditionEvaluationDeltaLoggingListener[0;39m [2m:[0;39m Condition evaluation unchanged
[2m2022-05-27 01:01:47.749[0;39m [32m INFO[0;39m [35m11352[0;39m [2m---[0;39m [2m[  restartedMain][0;39m [36mo.s.b.w.embedded.tomcat.TomcatWebServer [0;39m [2m:[0;39m Tomcat initialized with port(s): 9999 (http)
[2m2022-05-27 01:01:47.801[0;39m [32m INFO[0;39m [35m11352[0;39m [2m---[0;39m [2m[  restartedMain][0;39m [36mw.s.c.ServletWebServerApplicationContext[0;39m [2m:[0;39m Root WebApplicationContext: initialization completed in 532 ms
[2m2022-05-27 01:01:47.938[0;39m [32m INFO[0;39m [35m11352[0;39m [2m---[0;39m [2m[  restartedMain][0;39m [36mo.s.b.d.a.OptionalLiveReloadServer      [0;39m [2m:[0;39m LiveReload server is running on port 35729
[2m2022-05-27 01:01:47.982[0;39m [32m INFO[0;39m [35m11352[0;39m [2m---[0;39m [2m[  restartedMain][0;39m [36mo.s.b.w.embedded.tomcat.TomcatWebServer [0;39m [2m:[0;39m Tomcat started on port(s): 9999 (http) with context path '/vue'
[2m2022-05-27 01:01:48.030[0;39m [32m INFO[0;39m [35m11352[0;39m [2m---[0;39m [2m[  restartedMain][0;39m [36m.ConditionEvaluationDeltaLoggingListener[0;39m [2m:[0;39m Condition evaluation unchanged
[2m2022-05-27 01:02:40.610[0;39m [32m INFO[0;39m [35m11352[0;39m [2m---[0;39m [2m[nio-9999-exec-1][0;39m [36mo.s.web.servlet.DispatcherServlet       [0;39m [2m:[0;39m Initializing Servlet 'dispatcherServlet'
[2m2022-05-27 01:02:40.614[0;39m [32m INFO[0;39m [35m11352[0;39m [2m---[0;39m [2m[nio-9999-exec-1][0;39m [36mo.s.web.servlet.DispatcherServlet       [0;39m [2m:[0;39m Completed initialization in 3 ms
[2m2022-05-27 01:04:23.741[0;39m [32m INFO[0;39m [35m11352[0;39m [2m---[0;39m [2m[  restartedMain][0;39m [36mo.s.b.w.embedded.tomcat.TomcatWebServer [0;39m [2m:[0;39m Tomcat initialized with port(s): 9999 (http)
[2m2022-05-27 01:04:23.813[0;39m [32m INFO[0;39m [35m11352[0;39m [2m---[0;39m [2m[  restartedMain][0;39m [36mw.s.c.ServletWebServerApplicationContext[0;39m [2m:[0;39m Root WebApplicationContext: initialization completed in 735 ms
[2m2022-05-27 01:04:23.971[0;39m [32m INFO[0;39m [35m11352[0;39m [2m---[0;39m [2m[  restartedMain][0;39m [36mo.s.b.d.a.OptionalLiveReloadServer      [0;39m [2m:[0;39m LiveReload server is running on port 35729
[2m2022-05-27 01:04:24.025[0;39m [32m INFO[0;39m [35m11352[0;39m [2m---[0;39m [2m[  restartedMain][0;39m [36mo.s.b.w.embedded.tomcat.TomcatWebServer [0;39m [2m:[0;39m Tomcat started on port(s): 9999 (http) with context path '/vue'
[2m2022-05-27 01:04:24.077[0;39m [32m INFO[0;39m [35m11352[0;39m [2m---[0;39m [2m[  restartedMain][0;39m [36m.ConditionEvaluationDeltaLoggingListener[0;39m [2m:[0;39m Condition evaluation unchanged
[2m2022-05-27 01:04:30.045[0;39m [32m INFO[0;39m [35m11352[0;39m [2m---[0;39m [2m[  restartedMain][0;39m [36mo.s.b.w.embedded.tomcat.TomcatWebServer [0;39m [2m:[0;39m Tomcat initialized with port(s): 9999 (http)
[2m2022-05-27 01:04:30.236[0;39m [32m INFO[0;39m [35m11352[0;39m [2m---[0;39m [2m[  restartedMain][0;39m [36mw.s.c.ServletWebServerApplicationContext[0;39m [2m:[0;39m Root WebApplicationContext: initialization completed in 1913 ms
[2m2022-05-27 01:04:30.659[0;39m [32m INFO[0;39m [35m11352[0;39m [2m---[0;39m [2m[  restartedMain][0;39m [36mo.s.b.d.a.OptionalLiveReloadServer      [0;39m [2m:[0;39m LiveReload server is running on port 35729
[2m2022-05-27 01:04:30.765[0;39m [32m INFO[0;39m [35m11352[0;39m [2m---[0;39m [2m[  restartedMain][0;39m [36mo.s.b.w.embedded.tomcat.TomcatWebServer [0;39m [2m:[0;39m Tomcat started on port(s): 9999 (http) with context path '/vue'
[2m2022-05-27 01:04:30.863[0;39m [32m INFO[0;39m [35m11352[0;39m [2m---[0;39m [2m[  restartedMain][0;39m [36m.ConditionEvaluationDeltaLoggingListener[0;39m [2m:[0;39m Condition evaluation unchanged
[2m2022-05-27 01:04:32.386[0;39m [32m INFO[0;39m [35m11352[0;39m [2m---[0;39m [2m[nio-9999-exec-1][0;39m [36mo.s.web.servlet.DispatcherServlet       [0;39m [2m:[0;39m Initializing Servlet 'dispatcherServlet'
[2m2022-05-27 01:04:32.390[0;39m [32m INFO[0;39m [35m11352[0;39m [2m---[0;39m [2m[nio-9999-exec-1][0;39m [36mo.s.web.servlet.DispatcherServlet       [0;39m [2m:[0;39m Completed initialization in 2 ms
[2m2022-05-27 01:04:45.309[0;39m [32m INFO[0;39m [35m11352[0;39m [2m---[0;39m [2m[  restartedMain][0;39m [36mo.s.b.w.embedded.tomcat.TomcatWebServer [0;39m [2m:[0;39m Tomcat initialized with port(s): 9999 (http)
[2m2022-05-27 01:04:45.366[0;39m [32m INFO[0;39m [35m11352[0;39m [2m---[0;39m [2m[  restartedMain][0;39m [36mw.s.c.ServletWebServerApplicationContext[0;39m [2m:[0;39m Root WebApplicationContext: initialization completed in 590 ms
[2m2022-05-27 01:04:45.538[0;39m [32m INFO[0;39m [35m11352[0;39m [2m---[0;39m [2m[  restartedMain][0;39m [36mo.s.b.d.a.OptionalLiveReloadServer      [0;39m [2m:[0;39m LiveReload server is running on port 35729
[2m2022-05-27 01:04:45.595[0;39m [32m INFO[0;39m [35m11352[0;39m [2m---[0;39m [2m[  restartedMain][0;39m [36mo.s.b.w.embedded.tomcat.TomcatWebServer [0;39m [2m:[0;39m Tomcat started on port(s): 9999 (http) with context path '/vue'
[2m2022-05-27 01:04:45.651[0;39m [32m INFO[0;39m [35m11352[0;39m [2m---[0;39m [2m[  restartedMain][0;39m [36m.ConditionEvaluationDeltaLoggingListener[0;39m [2m:[0;39m Condition evaluation unchanged
[2m2022-05-27 01:04:55.950[0;39m [32m INFO[0;39m [35m11352[0;39m [2m---[0;39m [2m[  restartedMain][0;39m [36mo.s.b.w.embedded.tomcat.TomcatWebServer [0;39m [2m:[0;39m Tomcat initialized with port(s): 9999 (http)
[2m2022-05-27 01:04:56.009[0;39m [32m INFO[0;39m [35m11352[0;39m [2m---[0;39m [2m[  restartedMain][0;39m [36mw.s.c.ServletWebServerApplicationContext[0;39m [2m:[0;39m Root WebApplicationContext: initialization completed in 721 ms
[2m2022-05-27 01:04:56.189[0;39m [32m INFO[0;39m [35m11352[0;39m [2m---[0;39m [2m[  restartedMain][0;39m [36mo.s.b.d.a.OptionalLiveReloadServer      [0;39m [2m:[0;39m LiveReload server is running on port 35729
[2m2022-05-27 01:04:56.249[0;39m [32m INFO[0;39m [35m11352[0;39m [2m---[0;39m [2m[  restartedMain][0;39m [36mo.s.b.w.embedded.tomcat.TomcatWebServer [0;39m [2m:[0;39m Tomcat started on port(s): 9999 (http) with context path '/vue'
[2m2022-05-27 01:04:56.313[0;39m [32m INFO[0;39m [35m11352[0;39m [2m---[0;39m [2m[  restartedMain][0;39m [36m.ConditionEvaluationDeltaLoggingListener[0;39m [2m:[0;39m Condition evaluation unchanged
[2m2022-05-27 01:05:33.254[0;39m [32m INFO[0;39m [35m11352[0;39m [2m---[0;39m [2m[  restartedMain][0;39m [36mo.s.b.w.embedded.tomcat.TomcatWebServer [0;39m [2m:[0;39m Tomcat initialized with port(s): 9999 (http)
[2m2022-05-27 01:05:33.358[0;39m [32m INFO[0;39m [35m11352[0;39m [2m---[0;39m [2m[  restartedMain][0;39m [36mw.s.c.ServletWebServerApplicationContext[0;39m [2m:[0;39m Root WebApplicationContext: initialization completed in 969 ms
[2m2022-05-27 01:05:33.606[0;39m [32m INFO[0;39m [35m11352[0;39m [2m---[0;39m [2m[  restartedMain][0;39m [36mo.s.b.d.a.OptionalLiveReloadServer      [0;39m [2m:[0;39m LiveReload server is running on port 35729
[2m2022-05-27 01:05:33.724[0;39m [32m INFO[0;39m [35m11352[0;39m [2m---[0;39m [2m[  restartedMain][0;39m [36mo.s.b.w.embedded.tomcat.TomcatWebServer [0;39m [2m:[0;39m Tomcat started on port(s): 9999 (http) with context path '/vue'
[2m2022-05-27 01:05:33.804[0;39m [32m INFO[0;39m [35m11352[0;39m [2m---[0;39m [2m[  restartedMain][0;39m [36m.ConditionEvaluationDeltaLoggingListener[0;39m [2m:[0;39m Condition evaluation unchanged
[2m2022-05-27 01:05:36.233[0;39m [32m INFO[0;39m [35m11352[0;39m [2m---[0;39m [2m[nio-9999-exec-1][0;39m [36mo.s.web.servlet.DispatcherServlet       [0;39m [2m:[0;39m Initializing Servlet 'dispatcherServlet'
[2m2022-05-27 01:05:36.238[0;39m [32m INFO[0;39m [35m11352[0;39m [2m---[0;39m [2m[nio-9999-exec-1][0;39m [36mo.s.web.servlet.DispatcherServlet       [0;39m [2m:[0;39m Completed initialization in 4 ms
[2m2022-05-27 01:06:47.979[0;39m [32m INFO[0;39m [35m11352[0;39m [2m---[0;39m [2m[  restartedMain][0;39m [36mo.s.b.w.embedded.tomcat.TomcatWebServer [0;39m [2m:[0;39m Tomcat initialized with port(s): 9999 (http)
[2m2022-05-27 01:06:48.033[0;39m [32m INFO[0;39m [35m11352[0;39m [2m---[0;39m [2m[  restartedMain][0;39m [36mw.s.c.ServletWebServerApplicationContext[0;39m [2m:[0;39m Root WebApplicationContext: initialization completed in 654 ms
[2m2022-05-27 01:06:48.181[0;39m [32m INFO[0;39m [35m11352[0;39m [2m---[0;39m [2m[  restartedMain][0;39m [36mo.s.b.d.a.OptionalLiveReloadServer      [0;39m [2m:[0;39m LiveReload server is running on port 35729
[2m2022-05-27 01:06:48.228[0;39m [32m INFO[0;39m [35m11352[0;39m [2m---[0;39m [2m[  restartedMain][0;39m [36mo.s.b.w.embedded.tomcat.TomcatWebServer [0;39m [2m:[0;39m Tomcat started on port(s): 9999 (http) with context path '/vue'
[2m2022-05-27 01:06:48.286[0;39m [32m INFO[0;39m [35m11352[0;39m [2m---[0;39m [2m[  restartedMain][0;39m [36m.ConditionEvaluationDeltaLoggingListener[0;39m [2m:[0;39m Condition evaluation unchanged
[2m2022-05-27 01:06:52.863[0;39m [32m INFO[0;39m [35m11352[0;39m [2m---[0;39m [2m[nio-9999-exec-1][0;39m [36mo.s.web.servlet.DispatcherServlet       [0;39m [2m:[0;39m Initializing Servlet 'dispatcherServlet'
[2m2022-05-27 01:06:52.867[0;39m [32m INFO[0;39m [35m11352[0;39m [2m---[0;39m [2m[nio-9999-exec-1][0;39m [36mo.s.web.servlet.DispatcherServlet       [0;39m [2m:[0;39m Completed initialization in 3 ms
[2m2022-05-27 01:49:43.072[0;39m [32mDEBUG[0;39m [35m11352[0;39m [2m---[0;39m [2m[nio-9999-exec-7][0;39m [36mc.ssafy.vue.controller.BoardController  [0;39m [2m:[0;39m retrieveBoard - 호출
[2m2022-05-27 01:55:38.929[0;39m [32m INFO[0;39m [35m11352[0;39m [2m---[0;39m [2m[  restartedMain][0;39m [36mo.s.b.w.embedded.tomcat.TomcatWebServer [0;39m [2m:[0;39m Tomcat initialized with port(s): 9999 (http)
[2m2022-05-27 01:55:38.981[0;39m [32m INFO[0;39m [35m11352[0;39m [2m---[0;39m [2m[  restartedMain][0;39m [36mw.s.c.ServletWebServerApplicationContext[0;39m [2m:[0;39m Root WebApplicationContext: initialization completed in 645 ms
[2m2022-05-27 01:55:39.129[0;39m [32m INFO[0;39m [35m11352[0;39m [2m---[0;39m [2m[  restartedMain][0;39m [36mo.s.b.d.a.OptionalLiveReloadServer      [0;39m [2m:[0;39m LiveReload server is running on port 35729
[2m2022-05-27 01:55:39.181[0;39m [32m INFO[0;39m [35m11352[0;39m [2m---[0;39m [2m[  restartedMain][0;39m [36mo.s.b.w.embedded.tomcat.TomcatWebServer [0;39m [2m:[0;39m Tomcat started on port(s): 9999 (http) with context path '/vue'
[2m2022-05-27 01:55:39.246[0;39m [32m INFO[0;39m [35m11352[0;39m [2m---[0;39m [2m[  restartedMain][0;39m [36m.ConditionEvaluationDeltaLoggingListener[0;39m [2m:[0;39m Condition evaluation unchanged
[2m2022-05-27 01:55:42.593[0;39m [32m INFO[0;39m [35m11352[0;39m [2m---[0;39m [2m[nio-9999-exec-1][0;39m [36mo.s.web.servlet.DispatcherServlet       [0;39m [2m:[0;39m Initializing Servlet 'dispatcherServlet'
[2m2022-05-27 01:55:42.595[0;39m [32m INFO[0;39m [35m11352[0;39m [2m---[0;39m [2m[nio-9999-exec-1][0;39m [36mo.s.web.servlet.DispatcherServlet       [0;39m [2m:[0;39m Completed initialization in 1 ms
[2m2022-05-27 01:55:54.758[0;39m [32m INFO[0;39m [35m11352[0;39m [2m---[0;39m [2m[  restartedMain][0;39m [36mo.s.b.w.embedded.tomcat.TomcatWebServer [0;39m [2m:[0;39m Tomcat initialized with port(s): 9999 (http)
[2m2022-05-27 01:55:54.825[0;39m [32m INFO[0;39m [35m11352[0;39m [2m---[0;39m [2m[  restartedMain][0;39m [36mw.s.c.ServletWebServerApplicationContext[0;39m [2m:[0;39m Root WebApplicationContext: initialization completed in 712 ms
[2m2022-05-27 01:55:55.072[0;39m [32m INFO[0;39m [35m11352[0;39m [2m---[0;39m [2m[  restartedMain][0;39m [36mo.s.b.d.a.OptionalLiveReloadServer      [0;39m [2m:[0;39m LiveReload server is running on port 35729
[2m2022-05-27 01:55:55.150[0;39m [32m INFO[0;39m [35m11352[0;39m [2m---[0;39m [2m[  restartedMain][0;39m [36mo.s.b.w.embedded.tomcat.TomcatWebServer [0;39m [2m:[0;39m Tomcat started on port(s): 9999 (http) with context path '/vue'
[2m2022-05-27 01:55:55.242[0;39m [32m INFO[0;39m [35m11352[0;39m [2m---[0;39m [2m[  restartedMain][0;39m [36m.ConditionEvaluationDeltaLoggingListener[0;39m [2m:[0;39m Condition evaluation unchanged
[2m2022-05-27 01:55:55.506[0;39m [32m INFO[0;39m [35m11352[0;39m [2m---[0;39m [2m[nio-9999-exec-1][0;39m [36mo.s.web.servlet.DispatcherServlet       [0;39m [2m:[0;39m Initializing Servlet 'dispatcherServlet'
[2m2022-05-27 01:55:55.509[0;39m [32m INFO[0;39m [35m11352[0;39m [2m---[0;39m [2m[nio-9999-exec-1][0;39m [36mo.s.web.servlet.DispatcherServlet       [0;39m [2m:[0;39m Completed initialization in 2 ms
[2m2022-05-27 02:35:33.780[0;39m [32m INFO[0;39m [35m11352[0;39m [2m---[0;39m [2m[on(2)-127.0.0.1][0;39m [36minMXBeanRegistrar$SpringApplicationAdmin[0;39m [2m:[0;39m Application shutdown requested.
[2m2022-05-27 02:36:09.926[0;39m [32m INFO[0;39m [35m10100[0;39m [2m---[0;39m [2m[  restartedMain][0;39m [36m.e.DevToolsPropertyDefaultsPostProcessor[0;39m [2m:[0;39m Devtools property defaults active! Set 'spring.devtools.add-properties' to 'false' to disable
[2m2022-05-27 02:36:09.929[0;39m [32m INFO[0;39m [35m10100[0;39m [2m---[0;39m [2m[  restartedMain][0;39m [36m.e.DevToolsPropertyDefaultsPostProcessor[0;39m [2m:[0;39m For additional web related logging consider setting the 'logging.level.web' property to 'DEBUG'
[2m2022-05-27 02:36:11.455[0;39m [32m INFO[0;39m [35m10100[0;39m [2m---[0;39m [2m[  restartedMain][0;39m [36mo.s.b.w.embedded.tomcat.TomcatWebServer [0;39m [2m:[0;39m Tomcat initialized with port(s): 9999 (http)
[2m2022-05-27 02:36:11.708[0;39m [32m INFO[0;39m [35m10100[0;39m [2m---[0;39m [2m[  restartedMain][0;39m [36mw.s.c.ServletWebServerApplicationContext[0;39m [2m:[0;39m Root WebApplicationContext: initialization completed in 1777 ms
[2m2022-05-27 02:36:12.647[0;39m [32m INFO[0;39m [35m10100[0;39m [2m---[0;39m [2m[  restartedMain][0;39m [36mo.s.b.d.a.OptionalLiveReloadServer      [0;39m [2m:[0;39m LiveReload server is running on port 35729
[2m2022-05-27 02:36:12.904[0;39m [32m INFO[0;39m [35m10100[0;39m [2m---[0;39m [2m[  restartedMain][0;39m [36mo.s.b.w.embedded.tomcat.TomcatWebServer [0;39m [2m:[0;39m Tomcat started on port(s): 9999 (http) with context path '/vue'
[2m2022-05-27 02:36:23.451[0;39m [32m INFO[0;39m [35m10100[0;39m [2m---[0;39m [2m[nio-9999-exec-1][0;39m [36mo.s.web.servlet.DispatcherServlet       [0;39m [2m:[0;39m Initializing Servlet 'dispatcherServlet'
[2m2022-05-27 02:36:23.453[0;39m [32m INFO[0;39m [35m10100[0;39m [2m---[0;39m [2m[nio-9999-exec-1][0;39m [36mo.s.web.servlet.DispatcherServlet       [0;39m [2m:[0;39m Completed initialization in 2 ms
[2m2022-05-27 02:36:23.786[0;39m [32mDEBUG[0;39m [35m10100[0;39m [2m---[0;39m [2m[nio-9999-exec-2][0;39m [36mc.ssafy.vue.controller.MemberController [0;39m [2m:[0;39m 로그인 토큰정보 : eyJ0eXAiOiJKV1QiLCJyZWdEYXRlIjoxNjUzNTg2NTgzNzYxLCJhbGciOiJIUzI1NiJ9.eyJleHAiOjE2NTM1OTAxODMsInN1YiI6ImFjY2Vzcy10b2tlbiIsInVzZXJpZCI6InNzYWZ5In0.HUv7R36zekE8JhVVZ2UooUUSZdwYkiAFSSpFBE1nvFk
[2m2022-05-27 02:36:23.875[0;39m [32m INFO[0;39m [35m10100[0;39m [2m---[0;39m [2m[nio-9999-exec-4][0;39m [36mc.ssafy.vue.controller.MemberController [0;39m [2m:[0;39m 사용 가능한 토큰!!!
[2m2022-05-27 02:36:32.279[0;39m [32mDEBUG[0;39m [35m10100[0;39m [2m---[0;39m [2m[nio-9999-exec-7][0;39m [36mc.ssafy.vue.controller.MemberController [0;39m [2m:[0;39m updateMeber - 호출
[2m2022-05-27 02:36:33.511[0;39m [32m INFO[0;39m [35m10100[0;39m [2m---[0;39m [2m[nio-9999-exec-8][0;39m [36mc.ssafy.vue.controller.MemberController [0;39m [2m:[0;39m 사용 가능한 토큰!!!
[2m2022-05-27 02:36:35.913[0;39m [32mDEBUG[0;39m [35m10100[0;39m [2m---[0;39m [2m[io-9999-exec-10][0;39m [36mc.ssafy.vue.controller.BoardController  [0;39m [2m:[0;39m retrieveBoard - 호출
[2m2022-05-27 02:36:37.205[0;39m [32mDEBUG[0;39m [35m10100[0;39m [2m---[0;39m [2m[nio-9999-exec-2][0;39m [36mc.s.vue.controller.HouseMapController   [0;39m [2m:[0;39m sido : [SidoGugunCodeDto [sidoCode=11, sidoName=서울특별시, gugunCode=null, gugunName=null], SidoGugunCodeDto [sidoCode=26, sidoName=부산광역시, gugunCode=null, gugunName=null], SidoGugunCodeDto [sidoCode=27, sidoName=대구광역시, gugunCode=null, gugunName=null], SidoGugunCodeDto [sidoCode=28, sidoName=인천광역시, gugunCode=null, gugunName=null], SidoGugunCodeDto [sidoCode=29, sidoName=광주광역시, gugunCode=null, gugunName=null], SidoGugunCodeDto [sidoCode=30, sidoName=대전광역시, gugunCode=null, gugunName=null], SidoGugunCodeDto [sidoCode=31, sidoName=울산광역시, gugunCode=null, gugunName=null], SidoGugunCodeDto [sidoCode=36, sidoName=세종특별자치시, gugunCode=null, gugunName=null], SidoGugunCodeDto [sidoCode=41, sidoName=경기도, gugunCode=null, gugunName=null], SidoGugunCodeDto [sidoCode=42, sidoName=강원도, gugunCode=null, gugunName=null], SidoGugunCodeDto [sidoCode=43, sidoName=충청북도, gugunCode=null, gugunName=null], SidoGugunCodeDto [sidoCode=44, sidoName=충청남도, gugunCode=null, gugunName=null], SidoGugunCodeDto [sidoCode=45, sidoName=전라북도, gugunCode=null, gugunName=null], SidoGugunCodeDto [sidoCode=46, sidoName=전라남도, gugunCode=null, gugunName=null], SidoGugunCodeDto [sidoCode=47, sidoName=경상북도, gugunCode=null, gugunName=null], SidoGugunCodeDto [sidoCode=48, sidoName=경상남도, gugunCode=null, gugunName=null], SidoGugunCodeDto [sidoCode=50, sidoName=제주특별자치도, gugunCode=null, gugunName=null]]
[2m2022-05-27 02:36:37.207[0;39m [32mDEBUG[0;39m [35m10100[0;39m [2m---[0;39m [2m[nio-9999-exec-3][0;39m [36mc.s.vue.controller.InterestController   [0;39m [2m:[0;39m searchInterest - 호출
[2m2022-05-27 02:36:37.249[0;39m [32mDEBUG[0;39m [35m10100[0;39m [2m---[0;39m [2m[nio-9999-exec-4][0;39m [36mc.s.vue.controller.InterestController   [0;39m [2m:[0;39m searchInterest - 호출
[2m2022-05-27 02:36:37.276[0;39m [32mDEBUG[0;39m [35m10100[0;39m [2m---[0;39m [2m[nio-9999-exec-5][0;39m [36mc.s.vue.controller.InterestController   [0;39m [2m:[0;39m searchInterest - 호출
[2m2022-05-27 02:36:37.289[0;39m [32mDEBUG[0;39m [35m10100[0;39m [2m---[0;39m [2m[nio-9999-exec-6][0;39m [36mc.s.vue.controller.InterestController   [0;39m [2m:[0;39m searchInterest - 호출
[2m2022-05-27 02:36:37.311[0;39m [32mDEBUG[0;39m [35m10100[0;39m [2m---[0;39m [2m[nio-9999-exec-7][0;39m [36mc.s.vue.controller.InterestController   [0;39m [2m:[0;39m searchInterest - 호출
[2m2022-05-27 02:36:37.319[0;39m [32mDEBUG[0;39m [35m10100[0;39m [2m---[0;39m [2m[nio-9999-exec-8][0;39m [36mc.s.vue.controller.InterestController   [0;39m [2m:[0;39m searchInterest - 호출
[2m2022-05-27 02:36:37.331[0;39m [32mDEBUG[0;39m [35m10100[0;39m [2m---[0;39m [2m[nio-9999-exec-9][0;39m [36mc.s.vue.controller.InterestController   [0;39m [2m:[0;39m searchInterest - 호출
[2m2022-05-27 02:36:37.340[0;39m [32mDEBUG[0;39m [35m10100[0;39m [2m---[0;39m [2m[io-9999-exec-10][0;39m [36mc.s.vue.controller.InterestController   [0;39m [2m:[0;39m searchInterest - 호출
[2m2022-05-27 02:36:37.349[0;39m [32mDEBUG[0;39m [35m10100[0;39m [2m---[0;39m [2m[nio-9999-exec-1][0;39m [36mc.s.vue.controller.InterestController   [0;39m [2m:[0;39m searchInterest - 호출
[2m2022-05-27 02:36:37.358[0;39m [32mDEBUG[0;39m [35m10100[0;39m [2m---[0;39m [2m[nio-9999-exec-2][0;39m [36mc.s.vue.controller.InterestController   [0;39m [2m:[0;39m searchInterest - 호출
[2m2022-05-27 02:36:37.365[0;39m [32mDEBUG[0;39m [35m10100[0;39m [2m---[0;39m [2m[nio-9999-exec-3][0;39m [36mc.s.vue.controller.InterestController   [0;39m [2m:[0;39m searchInterest - 호출
[2m2022-05-27 02:36:37.392[0;39m [32mDEBUG[0;39m [35m10100[0;39m [2m---[0;39m [2m[nio-9999-exec-4][0;39m [36mc.s.vue.controller.InterestController   [0;39m [2m:[0;39m searchInterest - 호출
[2m2022-05-27 02:36:37.405[0;39m [32mDEBUG[0;39m [35m10100[0;39m [2m---[0;39m [2m[nio-9999-exec-5][0;39m [36mc.s.vue.controller.InterestController   [0;39m [2m:[0;39m searchInterest - 호출
[2m2022-05-27 02:36:37.428[0;39m [32mDEBUG[0;39m [35m10100[0;39m [2m---[0;39m [2m[nio-9999-exec-6][0;39m [36mc.s.vue.controller.InterestController   [0;39m [2m:[0;39m searchInterest - 호출
[2m2022-05-27 02:36:37.446[0;39m [32mDEBUG[0;39m [35m10100[0;39m [2m---[0;39m [2m[nio-9999-exec-7][0;39m [36mc.s.vue.controller.InterestController   [0;39m [2m:[0;39m searchInterest - 호출
[2m2022-05-27 02:36:37.460[0;39m [32mDEBUG[0;39m [35m10100[0;39m [2m---[0;39m [2m[nio-9999-exec-8][0;39m [36mc.s.vue.controller.InterestController   [0;39m [2m:[0;39m searchInterest - 호출
[2m2022-05-27 02:36:37.470[0;39m [32mDEBUG[0;39m [35m10100[0;39m [2m---[0;39m [2m[nio-9999-exec-9][0;39m [36mc.s.vue.controller.InterestController   [0;39m [2m:[0;39m searchInterest - 호출
[2m2022-05-27 02:36:37.482[0;39m [32mDEBUG[0;39m [35m10100[0;39m [2m---[0;39m [2m[io-9999-exec-10][0;39m [36mc.s.vue.controller.InterestController   [0;39m [2m:[0;39m searchInterest - 호출
[2m2022-05-27 02:36:37.494[0;39m [32mDEBUG[0;39m [35m10100[0;39m [2m---[0;39m [2m[nio-9999-exec-1][0;39m [36mc.s.vue.controller.InterestController   [0;39m [2m:[0;39m searchInterest - 호출
[2m2022-05-27 02:36:37.504[0;39m [32mDEBUG[0;39m [35m10100[0;39m [2m---[0;39m [2m[nio-9999-exec-2][0;39m [36mc.s.vue.controller.InterestController   [0;39m [2m:[0;39m searchInterest - 호출
[2m2022-05-27 02:36:37.516[0;39m [32mDEBUG[0;39m [35m10100[0;39m [2m---[0;39m [2m[nio-9999-exec-3][0;39m [36mc.s.vue.controller.InterestController   [0;39m [2m:[0;39m searchInterest - 호출
[2m2022-05-27 02:36:37.533[0;39m [32mDEBUG[0;39m [35m10100[0;39m [2m---[0;39m [2m[nio-9999-exec-4][0;39m [36mc.s.vue.controller.InterestController   [0;39m [2m:[0;39m searchInterest - 호출
[2m2022-05-27 02:36:37.548[0;39m [32mDEBUG[0;39m [35m10100[0;39m [2m---[0;39m [2m[nio-9999-exec-5][0;39m [36mc.s.vue.controller.InterestController   [0;39m [2m:[0;39m searchInterest - 호출
[2m2022-05-27 02:36:37.561[0;39m [32mDEBUG[0;39m [35m10100[0;39m [2m---[0;39m [2m[nio-9999-exec-6][0;39m [36mc.s.vue.controller.InterestController   [0;39m [2m:[0;39m searchInterest - 호출
[2m2022-05-27 02:36:37.574[0;39m [32mDEBUG[0;39m [35m10100[0;39m [2m---[0;39m [2m[nio-9999-exec-7][0;39m [36mc.s.vue.controller.InterestController   [0;39m [2m:[0;39m searchInterest - 호출
[2m2022-05-27 02:36:37.584[0;39m [32mDEBUG[0;39m [35m10100[0;39m [2m---[0;39m [2m[nio-9999-exec-8][0;39m [36mc.s.vue.controller.InterestController   [0;39m [2m:[0;39m searchInterest - 호출
[2m2022-05-27 02:36:37.605[0;39m [32mDEBUG[0;39m [35m10100[0;39m [2m---[0;39m [2m[nio-9999-exec-9][0;39m [36mc.s.vue.controller.InterestController   [0;39m [2m:[0;39m searchInterest - 호출
[2m2022-05-27 02:36:37.617[0;39m [32mDEBUG[0;39m [35m10100[0;39m [2m---[0;39m [2m[io-9999-exec-10][0;39m [36mc.s.vue.controller.InterestController   [0;39m [2m:[0;39m searchInterest - 호출
[2m2022-05-27 02:36:37.633[0;39m [32mDEBUG[0;39m [35m10100[0;39m [2m---[0;39m [2m[nio-9999-exec-1][0;39m [36mc.s.vue.controller.InterestController   [0;39m [2m:[0;39m searchInterest - 호출
[2m2022-05-27 02:36:37.644[0;39m [32mDEBUG[0;39m [35m10100[0;39m [2m---[0;39m [2m[nio-9999-exec-2][0;39m [36mc.s.vue.controller.InterestController   [0;39m [2m:[0;39m searchInterest - 호출
[2m2022-05-27 02:36:37.658[0;39m [32mDEBUG[0;39m [35m10100[0;39m [2m---[0;39m [2m[nio-9999-exec-3][0;39m [36mc.s.vue.controller.InterestController   [0;39m [2m:[0;39m searchInterest - 호출
[2m2022-05-27 02:36:37.673[0;39m [32mDEBUG[0;39m [35m10100[0;39m [2m---[0;39m [2m[nio-9999-exec-4][0;39m [36mc.s.vue.controller.InterestController   [0;39m [2m:[0;39m searchInterest - 호출
[2m2022-05-27 02:36:37.681[0;39m [32mDEBUG[0;39m [35m10100[0;39m [2m---[0;39m [2m[nio-9999-exec-5][0;39m [36mc.s.vue.controller.InterestController   [0;39m [2m:[0;39m searchInterest - 호출
[2m2022-05-27 02:36:37.696[0;39m [32mDEBUG[0;39m [35m10100[0;39m [2m---[0;39m [2m[nio-9999-exec-6][0;39m [36mc.s.vue.controller.InterestController   [0;39m [2m:[0;39m searchInterest - 호출
[2m2022-05-27 02:36:37.705[0;39m [32mDEBUG[0;39m [35m10100[0;39m [2m---[0;39m [2m[nio-9999-exec-7][0;39m [36mc.s.vue.controller.InterestController   [0;39m [2m:[0;39m searchInterest - 호출
[2m2022-05-27 02:36:37.713[0;39m [32mDEBUG[0;39m [35m10100[0;39m [2m---[0;39m [2m[nio-9999-exec-8][0;39m [36mc.s.vue.controller.InterestController   [0;39m [2m:[0;39m searchInterest - 호출
[2m2022-05-27 02:36:37.721[0;39m [32mDEBUG[0;39m [35m10100[0;39m [2m---[0;39m [2m[nio-9999-exec-9][0;39m [36mc.s.vue.controller.InterestController   [0;39m [2m:[0;39m searchInterest - 호출
[2m2022-05-27 02:36:37.730[0;39m [32mDEBUG[0;39m [35m10100[0;39m [2m---[0;39m [2m[io-9999-exec-10][0;39m [36mc.s.vue.controller.InterestController   [0;39m [2m:[0;39m searchInterest - 호출
[2m2022-05-27 02:36:37.743[0;39m [32mDEBUG[0;39m [35m10100[0;39m [2m---[0;39m [2m[nio-9999-exec-1][0;39m [36mc.s.vue.controller.InterestController   [0;39m [2m:[0;39m searchInterest - 호출
[2m2022-05-27 02:36:37.752[0;39m [32mDEBUG[0;39m [35m10100[0;39m [2m---[0;39m [2m[nio-9999-exec-2][0;39m [36mc.s.vue.controller.InterestController   [0;39m [2m:[0;39m searchInterest - 호출
[2m2022-05-27 02:36:37.764[0;39m [32mDEBUG[0;39m [35m10100[0;39m [2m---[0;39m [2m[nio-9999-exec-3][0;39m [36mc.s.vue.controller.InterestController   [0;39m [2m:[0;39m searchInterest - 호출
[2m2022-05-27 02:36:37.773[0;39m [32mDEBUG[0;39m [35m10100[0;39m [2m---[0;39m [2m[nio-9999-exec-4][0;39m [36mc.s.vue.controller.InterestController   [0;39m [2m:[0;39m searchInterest - 호출
[2m2022-05-27 02:36:37.780[0;39m [32mDEBUG[0;39m [35m10100[0;39m [2m---[0;39m [2m[nio-9999-exec-5][0;39m [36mc.s.vue.controller.InterestController   [0;39m [2m:[0;39m searchInterest - 호출
[2m2022-05-27 02:36:37.788[0;39m [32mDEBUG[0;39m [35m10100[0;39m [2m---[0;39m [2m[nio-9999-exec-6][0;39m [36mc.s.vue.controller.InterestController   [0;39m [2m:[0;39m searchInterest - 호출
[2m2022-05-27 02:36:37.795[0;39m [32mDEBUG[0;39m [35m10100[0;39m [2m---[0;39m [2m[nio-9999-exec-7][0;39m [36mc.s.vue.controller.InterestController   [0;39m [2m:[0;39m searchInterest - 호출
[2m2022-05-27 02:36:37.803[0;39m [32mDEBUG[0;39m [35m10100[0;39m [2m---[0;39m [2m[nio-9999-exec-8][0;39m [36mc.s.vue.controller.InterestController   [0;39m [2m:[0;39m searchInterest - 호출
[2m2022-05-27 02:36:37.810[0;39m [32mDEBUG[0;39m [35m10100[0;39m [2m---[0;39m [2m[nio-9999-exec-9][0;39m [36mc.s.vue.controller.InterestController   [0;39m [2m:[0;39m searchInterest - 호출
[2m2022-05-27 02:36:37.817[0;39m [32mDEBUG[0;39m [35m10100[0;39m [2m---[0;39m [2m[io-9999-exec-10][0;39m [36mc.s.vue.controller.InterestController   [0;39m [2m:[0;39m searchInterest - 호출
[2m2022-05-27 02:36:37.825[0;39m [32mDEBUG[0;39m [35m10100[0;39m [2m---[0;39m [2m[nio-9999-exec-1][0;39m [36mc.s.vue.controller.InterestController   [0;39m [2m:[0;39m searchInterest - 호출
[2m2022-05-27 02:36:37.831[0;39m [32mDEBUG[0;39m [35m10100[0;39m [2m---[0;39m [2m[nio-9999-exec-2][0;39m [36mc.s.vue.controller.InterestController   [0;39m [2m:[0;39m searchInterest - 호출
[2m2022-05-27 02:36:37.838[0;39m [32mDEBUG[0;39m [35m10100[0;39m [2m---[0;39m [2m[nio-9999-exec-3][0;39m [36mc.s.vue.controller.InterestController   [0;39m [2m:[0;39m searchInterest - 호출
[2m2022-05-27 02:36:37.844[0;39m [32mDEBUG[0;39m [35m10100[0;39m [2m---[0;39m [2m[nio-9999-exec-4][0;39m [36mc.s.vue.controller.InterestController   [0;39m [2m:[0;39m searchInterest - 호출
[2m2022-05-27 02:36:37.852[0;39m [32mDEBUG[0;39m [35m10100[0;39m [2m---[0;39m [2m[nio-9999-exec-5][0;39m [36mc.s.vue.controller.InterestController   [0;39m [2m:[0;39m searchInterest - 호출
[2m2022-05-27 02:36:37.858[0;39m [32mDEBUG[0;39m [35m10100[0;39m [2m---[0;39m [2m[nio-9999-exec-6][0;39m [36mc.s.vue.controller.InterestController   [0;39m [2m:[0;39m searchInterest - 호출
[2m2022-05-27 02:36:37.864[0;39m [32mDEBUG[0;39m [35m10100[0;39m [2m---[0;39m [2m[nio-9999-exec-7][0;39m [36mc.s.vue.controller.InterestController   [0;39m [2m:[0;39m searchInterest - 호출
[2m2022-05-27 02:36:37.871[0;39m [32mDEBUG[0;39m [35m10100[0;39m [2m---[0;39m [2m[nio-9999-exec-8][0;39m [36mc.s.vue.controller.InterestController   [0;39m [2m:[0;39m searchInterest - 호출
[2m2022-05-27 02:36:37.878[0;39m [32mDEBUG[0;39m [35m10100[0;39m [2m---[0;39m [2m[nio-9999-exec-9][0;39m [36mc.s.vue.controller.InterestController   [0;39m [2m:[0;39m searchInterest - 호출
[2m2022-05-27 02:36:37.884[0;39m [32mDEBUG[0;39m [35m10100[0;39m [2m---[0;39m [2m[io-9999-exec-10][0;39m [36mc.s.vue.controller.InterestController   [0;39m [2m:[0;39m searchInterest - 호출
[2m2022-05-27 02:36:37.894[0;39m [32mDEBUG[0;39m [35m10100[0;39m [2m---[0;39m [2m[nio-9999-exec-1][0;39m [36mc.s.vue.controller.InterestController   [0;39m [2m:[0;39m searchInterest - 호출
[2m2022-05-27 02:36:37.902[0;39m [32mDEBUG[0;39m [35m10100[0;39m [2m---[0;39m [2m[nio-9999-exec-2][0;39m [36mc.s.vue.controller.InterestController   [0;39m [2m:[0;39m searchInterest - 호출
[2m2022-05-27 02:36:37.908[0;39m [32mDEBUG[0;39m [35m10100[0;39m [2m---[0;39m [2m[nio-9999-exec-3][0;39m [36mc.s.vue.controller.InterestController   [0;39m [2m:[0;39m searchInterest - 호출
[2m2022-05-27 02:36:37.915[0;39m [32mDEBUG[0;39m [35m10100[0;39m [2m---[0;39m [2m[nio-9999-exec-4][0;39m [36mc.s.vue.controller.InterestController   [0;39m [2m:[0;39m searchInterest - 호출
[2m2022-05-27 02:36:37.922[0;39m [32mDEBUG[0;39m [35m10100[0;39m [2m---[0;39m [2m[nio-9999-exec-5][0;39m [36mc.s.vue.controller.InterestController   [0;39m [2m:[0;39m searchInterest - 호출
[2m2022-05-27 02:36:37.938[0;39m [32mDEBUG[0;39m [35m10100[0;39m [2m---[0;39m [2m[nio-9999-exec-6][0;39m [36mc.s.vue.controller.InterestController   [0;39m [2m:[0;39m searchInterest - 호출
[2m2022-05-27 02:36:37.946[0;39m [32mDEBUG[0;39m [35m10100[0;39m [2m---[0;39m [2m[nio-9999-exec-7][0;39m [36mc.s.vue.controller.InterestController   [0;39m [2m:[0;39m searchInterest - 호출
[2m2022-05-27 02:36:37.954[0;39m [32mDEBUG[0;39m [35m10100[0;39m [2m---[0;39m [2m[nio-9999-exec-8][0;39m [36mc.s.vue.controller.InterestController   [0;39m [2m:[0;39m searchInterest - 호출
[2m2022-05-27 02:36:37.962[0;39m [32mDEBUG[0;39m [35m10100[0;39m [2m---[0;39m [2m[nio-9999-exec-9][0;39m [36mc.s.vue.controller.InterestController   [0;39m [2m:[0;39m searchInterest - 호출
[2m2022-05-27 02:36:37.969[0;39m [32mDEBUG[0;39m [35m10100[0;39m [2m---[0;39m [2m[io-9999-exec-10][0;39m [36mc.s.vue.controller.InterestController   [0;39m [2m:[0;39m searchInterest - 호출
[2m2022-05-27 02:36:37.974[0;39m [32mDEBUG[0;39m [35m10100[0;39m [2m---[0;39m [2m[nio-9999-exec-1][0;39m [36mc.s.vue.controller.InterestController   [0;39m [2m:[0;39m searchInterest - 호출
[2m2022-05-27 02:36:37.979[0;39m [32mDEBUG[0;39m [35m10100[0;39m [2m---[0;39m [2m[nio-9999-exec-2][0;39m [36mc.s.vue.controller.InterestController   [0;39m [2m:[0;39m searchInterest - 호출
[2m2022-05-27 02:36:37.985[0;39m [32mDEBUG[0;39m [35m10100[0;39m [2m---[0;39m [2m[nio-9999-exec-3][0;39m [36mc.s.vue.controller.InterestController   [0;39m [2m:[0;39m searchInterest - 호출
[2m2022-05-27 02:36:37.991[0;39m [32mDEBUG[0;39m [35m10100[0;39m [2m---[0;39m [2m[nio-9999-exec-4][0;39m [36mc.s.vue.controller.InterestController   [0;39m [2m:[0;39m searchInterest - 호출
[2m2022-05-27 02:36:37.996[0;39m [32mDEBUG[0;39m [35m10100[0;39m [2m---[0;39m [2m[nio-9999-exec-5][0;39m [36mc.s.vue.controller.InterestController   [0;39m [2m:[0;39m searchInterest - 호출
[2m2022-05-27 02:36:38.001[0;39m [32mDEBUG[0;39m [35m10100[0;39m [2m---[0;39m [2m[nio-9999-exec-6][0;39m [36mc.s.vue.controller.InterestController   [0;39m [2m:[0;39m searchInterest - 호출
[2m2022-05-27 02:36:38.006[0;39m [32mDEBUG[0;39m [35m10100[0;39m [2m---[0;39m [2m[nio-9999-exec-7][0;39m [36mc.s.vue.controller.InterestController   [0;39m [2m:[0;39m searchInterest - 호출
[2m2022-05-27 02:36:40.917[0;39m [32m INFO[0;39m [35m10100[0;39m [2m---[0;39m [2m[on(2)-127.0.0.1][0;39m [36minMXBeanRegistrar$SpringApplicationAdmin[0;39m [2m:[0;39m Application shutdown requested.
